app/build/outputs/logs/manifest-merger-debug-report.txt
-- Merging decision tree log ---
manifest
ADDED from src\main\AndroidManifest.xml:2:1-34:12
	package
		ADDED from src\main\AndroidManifest.xml:3:2-27
		INJECTED from src\main\AndroidManifest.xml
		INJECTED from src\main\AndroidManifest.xml
	android:versionName
		ADDED from src\main\AndroidManifest.xml:5:2-27
		INJECTED from src\main\AndroidManifest.xml
		INJECTED from src\main\AndroidManifest.xml
	android:versionCode
		ADDED from src\main\AndroidManifest.xml:4:2-25
		INJECTED from src\main\AndroidManifest.xml
		INJECTED from src\main\AndroidManifest.xml
	xmlns:android
		ADDED from src\main\AndroidManifest.xml:2:11-69
uses-sdk
ADDED from src\main\AndroidManifest.xml:7:2-9:35
	android:targetSdkVersion
		ADDED from src\main\AndroidManifest.xml:9:3-32
		INJECTED from src\main\AndroidManifest.xml
		INJECTED from src\main\AndroidManifest.xml
	android:minSdkVersion
		ADDED from src\main\AndroidManifest.xml:8:3-29
		INJECTED from src\main\AndroidManifest.xml
		INJECTED from src\main\AndroidManifest.xml
application
ADDED from src\main\AndroidManifest.xml:11:2-32:16
	android:label
		ADDED from src\main\AndroidManifest.xml:14:3-35
	android:allowBackup
		ADDED from src\main\AndroidManifest.xml:12:3-29
	android:icon
		ADDED from src\main\AndroidManifest.xml:13:3-39
	android:theme
		ADDED from src\main\AndroidManifest.xml:15:3-34
activity#com.example.ex7.RegisterActivity
ADDED from src\main\AndroidManifest.xml:16:3-23:14
	android:label
		ADDED from src\main\AndroidManifest.xml:18:4-40
	android:name
		ADDED from src\main\AndroidManifest.xml:17:4-36
intent-filter#android.intent.category.DEFAULT+com.action.register
ADDED from src\main\AndroidManifest.xml:19:4-22:23
action#com.action.register
ADDED from src\main\AndroidManifest.xml:20:6-50
	android:name
		ADDED from src\main\AndroidManifest.xml:20:14-48
category#android.intent.category.DEFAULT
ADDED from src\main\AndroidManifest.xml:21:11-69
	android:name
		ADDED from src\main\AndroidManifest.xml:21:21-67
activity#com.example.ex7.MainActivity
ADDED from src\main\AndroidManifest.xml:24:3-31:14
	android:label
		ADDED from src\main\AndroidManifest.xml:26:4-36
	android:name
		ADDED from src\main\AndroidManifest.xml:25:4-32
intent-filter#android.intent.action.MAIN+android.intent.category.LAUNCHER
ADDED from src\main\AndroidManifest.xml:27:4-30:20
action#android.intent.action.MAIN
ADDED from src\main\AndroidManifest.xml:28:5-57
	android:name
		ADDED from src\main\AndroidManifest.xml:28:13-54
category#android.intent.category.LAUNCHER
ADDED from src\main\AndroidManifest.xml:29:5-65
	android:name
		ADDED from src\main\AndroidManifest.xml:29:15-62